Resolved 63 packages in 391ms
   Building opencv-python==4.5.1.48
  × Failed to download and build `opencv-python==4.5.1.48`
  ├─▶ Failed to install requirements from `build-system.requires`
  ├─▶ Failed to build `numpy==1.19.3`
  ├─▶ The build backend returned an error
  ╰─▶ Call to `setuptools.build_meta:__legacy__.build_wheel` failed (exit status: 1)

      [stdout]
      numpy/random/_bounded_integers.pxd.in has not changed
      numpy/random/_philox.pyx has not changed
      numpy/random/_bounded_integers.pyx.in has not changed
      numpy/random/_sfc64.pyx has not changed
      numpy/random/_mt19937.pyx has not changed
      numpy/random/bit_generator.pyx has not changed
      numpy/random/_bounded_integers.pyx has not changed
      numpy/random/mtrand.pyx has not changed
      numpy/random/_generator.pyx has not changed
      numpy/random/_pcg64.pyx has not changed
      numpy/random/_common.pyx has not changed
      Cythonizing sources
      blas_opt_info:
      blas_mkl_info:
      customize UnixCCompiler
        libraries mkl_rt not found in ['/Users/bytedance/.cache/uv/builds-v0/.tmp8KdQfa/lib', '/usr/local/lib', '/usr/lib']
        NOT AVAILABLE

      blis_info:
        libraries blis not found in ['/Users/bytedance/.cache/uv/builds-v0/.tmp8KdQfa/lib', '/usr/local/lib', '/usr/lib']
        NOT AVAILABLE

      openblas_info:
        libraries openblas not found in ['/Users/bytedance/.cache/uv/builds-v0/.tmp8KdQfa/lib', '/usr/local/lib', '/usr/lib']
        NOT AVAILABLE

      atlas_3_10_blas_threads_info:
      Setting PTATLAS=ATLAS
        libraries tatlas not found in ['/Users/bytedance/.cache/uv/builds-v0/.tmp8KdQfa/lib', '/usr/local/lib', '/usr/lib']
        NOT AVAILABLE

      atlas_3_10_blas_info:
        libraries satlas not found in ['/Users/bytedance/.cache/uv/builds-v0/.tmp8KdQfa/lib', '/usr/local/lib', '/usr/lib']
        NOT AVAILABLE

      atlas_blas_threads_info:
      Setting PTATLAS=ATLAS
        libraries ptf77blas,ptcblas,atlas not found in ['/Users/bytedance/.cache/uv/builds-v0/.tmp8KdQfa/lib', '/usr/local/lib', '/usr/lib']
        NOT AVAILABLE

      atlas_blas_info:
        libraries f77blas,cblas,atlas not found in ['/Users/bytedance/.cache/uv/builds-v0/.tmp8KdQfa/lib', '/usr/local/lib', '/usr/lib']
        NOT AVAILABLE

      accelerate_info:
        libraries accelerate not found in ['/Users/bytedance/.cache/uv/builds-v0/.tmp8KdQfa/lib', '/usr/local/lib', '/usr/lib']
      Library accelerate was not found. Ignoring
        libraries veclib not found in ['/Users/bytedance/.cache/uv/builds-v0/.tmp8KdQfa/lib', '/usr/local/lib', '/usr/lib']
      Library veclib was not found. Ignoring
        FOUND:
          extra_compile_args = ['-faltivec', '-I/System/Library/Frameworks/vecLib.framework/Headers']
          extra_link_args = ['-Wl,-framework', '-Wl,Accelerate']
          define_macros = [('NO_ATLAS_INFO', 3), ('HAVE_CBLAS', None)]

        FOUND:
          extra_compile_args = ['-faltivec', '-I/System/Library/Frameworks/vecLib.framework/Headers']
          extra_link_args = ['-Wl,-framework', '-Wl,Accelerate']
          define_macros = [('NO_ATLAS_INFO', 3), ('HAVE_CBLAS', None)]

      non-existing path in 'numpy/distutils': 'site.cfg'
      lapack_opt_info:
      lapack_mkl_info:
        libraries mkl_rt not found in ['/Users/bytedance/.cache/uv/builds-v0/.tmp8KdQfa/lib', '/usr/local/lib', '/usr/lib']
        NOT AVAILABLE

      openblas_lapack_info:
        libraries openblas not found in ['/Users/bytedance/.cache/uv/builds-v0/.tmp8KdQfa/lib', '/usr/local/lib', '/usr/lib']
        NOT AVAILABLE

      openblas_clapack_info:
        libraries openblas,lapack not found in ['/Users/bytedance/.cache/uv/builds-v0/.tmp8KdQfa/lib', '/usr/local/lib', '/usr/lib']
        NOT AVAILABLE

      flame_info:
        libraries flame not found in ['/Users/bytedance/.cache/uv/builds-v0/.tmp8KdQfa/lib', '/usr/local/lib', '/usr/lib']
        NOT AVAILABLE

      atlas_3_10_threads_info:
      Setting PTATLAS=ATLAS
        libraries lapack_atlas not found in /Users/bytedance/.cache/uv/builds-v0/.tmp8KdQfa/lib
        libraries tatlas,tatlas not found in /Users/bytedance/.cache/uv/builds-v0/.tmp8KdQfa/lib
        libraries lapack_atlas not found in /usr/local/lib
        libraries tatlas,tatlas not found in /usr/local/lib
        libraries lapack_atlas not found in /usr/lib
        libraries tatlas,tatlas not found in /usr/lib
      <class 'numpy.distutils.system_info.atlas_3_10_threads_info'>
        NOT AVAILABLE

      atlas_3_10_info:
        libraries lapack_atlas not found in /Users/bytedance/.cache/uv/builds-v0/.tmp8KdQfa/lib
        libraries satlas,satlas not found in /Users/bytedance/.cache/uv/builds-v0/.tmp8KdQfa/lib
        libraries lapack_atlas not found in /usr/local/lib
        libraries satlas,satlas not found in /usr/local/lib
        libraries lapack_atlas not found in /usr/lib
        libraries satlas,satlas not found in /usr/lib
      <class 'numpy.distutils.system_info.atlas_3_10_info'>
        NOT AVAILABLE

      atlas_threads_info:
      Setting PTATLAS=ATLAS
        libraries lapack_atlas not found in /Users/bytedance/.cache/uv/builds-v0/.tmp8KdQfa/lib
        libraries ptf77blas,ptcblas,atlas not found in /Users/bytedance/.cache/uv/builds-v0/.tmp8KdQfa/lib
        libraries lapack_atlas not found in /usr/local/lib
        libraries ptf77blas,ptcblas,atlas not found in /usr/local/lib
        libraries lapack_atlas not found in /usr/lib
        libraries ptf77blas,ptcblas,atlas not found in /usr/lib
      <class 'numpy.distutils.system_info.atlas_threads_info'>
        NOT AVAILABLE

      atlas_info:
        libraries lapack_atlas not found in /Users/bytedance/.cache/uv/builds-v0/.tmp8KdQfa/lib
        libraries f77blas,cblas,atlas not found in /Users/bytedance/.cache/uv/builds-v0/.tmp8KdQfa/lib
        libraries lapack_atlas not found in /usr/local/lib
        libraries f77blas,cblas,atlas not found in /usr/local/lib
        libraries lapack_atlas not found in /usr/lib
        libraries f77blas,cblas,atlas not found in /usr/lib
      <class 'numpy.distutils.system_info.atlas_info'>
        NOT AVAILABLE

        FOUND:
          extra_compile_args = ['-faltivec', '-I/System/Library/Frameworks/vecLib.framework/Headers']
          extra_link_args = ['-Wl,-framework', '-Wl,Accelerate']
          define_macros = [('NO_ATLAS_INFO', 3), ('HAVE_CBLAS', None)]

      running bdist_wheel
      running build
      running config_cc
      unifing config_cc, config, build_clib, build_ext, build commands --compiler options
      running config_fc
      unifing config_fc, config, build_clib, build_ext, build commands --fcompiler options
      running build_src
      build_src
      building py_modules sources
      building library "npymath" sources
      Could not locate executable gfortran
      Could not locate executable f95
      Could not locate executable f90
      Could not locate executable f77
      Could not locate executable xlf90
      Could not locate executable xlf
      Could not locate executable ifort
      Could not locate executable ifc
      Could not locate executable g77
      Could not locate executable g95
      Could not locate executable pgfortran
      don't know how to compile Fortran code on platform 'posix'
        adding 'build/src.macosx-10.9-universal2-3.9/numpy/core/src/npymath' to include_dirs.
      None - nothing done with h_files = ['build/src.macosx-10.9-universal2-3.9/numpy/core/src/npymath/npy_math_internal.h']
      building library "npysort" sources
        adding 'build/src.macosx-10.9-universal2-3.9/numpy/core/src/common' to include_dirs.
      None - nothing done with h_files = ['build/src.macosx-10.9-universal2-3.9/numpy/core/src/common/npy_sort.h',
      'build/src.macosx-10.9-universal2-3.9/numpy/core/src/common/npy_partition.h', 'build/src.macosx-10.9-universal2-3.9/numpy/core/src/common/npy_binsearch.h']
      building library "npyrandom" sources
      building extension "numpy.core._multiarray_tests" sources
      building extension "numpy.core._multiarray_umath" sources
        adding 'build/src.macosx-10.9-universal2-3.9/numpy/core/src/umath' to include_dirs.
        adding 'build/src.macosx-10.9-universal2-3.9/numpy/core/src/npymath' to include_dirs.
        adding 'build/src.macosx-10.9-universal2-3.9/numpy/core/src/common' to include_dirs.
      numpy.core - nothing done with h_files = ['build/src.macosx-10.9-universal2-3.9/numpy/core/src/umath/funcs.inc',
      'build/src.macosx-10.9-universal2-3.9/numpy/core/src/umath/simd.inc', 'build/src.macosx-10.9-universal2-3.9/numpy/core/src/umath/loops.h',
      'build/src.macosx-10.9-universal2-3.9/numpy/core/src/umath/matmul.h', 'build/src.macosx-10.9-universal2-3.9/numpy/core/src/umath/clip.h',
      'build/src.macosx-10.9-universal2-3.9/numpy/core/src/npymath/npy_math_internal.h', 'build/src.macosx-10.9-universal2-3.9/numpy/core/src/common/templ_common.h',
      'build/src.macosx-10.9-universal2-3.9/numpy/core/include/numpy/config.h', 'build/src.macosx-10.9-universal2-3.9/numpy/core/include/numpy/_numpyconfig.h',
      'build/src.macosx-10.9-universal2-3.9/numpy/core/include/numpy/__multiarray_api.h', 'build/src.macosx-10.9-universal2-3.9/numpy/core/include/numpy/__ufunc_api.h']
      building extension "numpy.core._umath_tests" sources
      building extension "numpy.core._rational_tests" sources
      building extension "numpy.core._struct_ufunc_tests" sources
      building extension "numpy.core._operand_flag_tests" sources
      building extension "numpy.fft._pocketfft_internal" sources
      building extension "numpy.linalg.lapack_lite" sources
      building extension "numpy.linalg._umath_linalg" sources
      building extension "numpy.random._mt19937" sources
      building extension "numpy.random._philox" sources
      building extension "numpy.random._pcg64" sources
      building extension "numpy.random._sfc64" sources
      building extension "numpy.random._common" sources
      building extension "numpy.random.bit_generator" sources
      building extension "numpy.random._generator" sources
      building extension "numpy.random._bounded_integers" sources
      building extension "numpy.random.mtrand" sources
      building data_files sources
      build_src: building npy-pkg config files
      running build_py
      copying numpy/version.py -> build/lib.macosx-10.9-universal2-3.9/numpy
      copying build/src.macosx-10.9-universal2-3.9/numpy/__config__.py -> build/lib.macosx-10.9-universal2-3.9/numpy
      copying build/src.macosx-10.9-universal2-3.9/numpy/distutils/__config__.py -> build/lib.macosx-10.9-universal2-3.9/numpy/distutils
      running build_clib
      customize UnixCCompiler
      customize UnixCCompiler using new_build_clib
      running build_ext
      customize UnixCCompiler
      customize UnixCCompiler using new_build_ext
      building 'numpy.core._multiarray_umath' extension
      compiling C sources
      C compiler: clang -Wno-unused-result -Wsign-compare -Wunreachable-code -fno-common -dynamic -DNDEBUG
      -g -fwrapv -O3 -Wall -iwithsysroot/System/Library/Frameworks/System.framework/PrivateHeaders
      -iwithsysroot/Applications/Xcode.app/Contents/Developer/Library/Frameworks/Python3.framework/Versions/3.9/Headers -arch arm64 -arch x86_64
      -Werror=implicit-function-declaration -Wno-error=unreachable-code -Wno-error=unused-but-set-variable -Wno-error=cast-function-type-mismatch
      -Wno-unknown-warning-option

      compile options: '-DNPY_INTERNAL_BUILD=1 -DHAVE_NPY_CONFIG_H=1 -D_FILE_OFFSET_BITS=64 -D_LARGEFILE_SOURCE=1 -D_LARGEFILE64_SOURCE=1 -DNO_ATLAS_INFO=3
      -DHAVE_CBLAS -Ibuild/src.macosx-10.9-universal2-3.9/numpy/core/src/umath -Ibuild/src.macosx-10.9-universal2-3.9/numpy/core/src/npymath
      -Ibuild/src.macosx-10.9-universal2-3.9/numpy/core/src/common -Inumpy/core/include -Ibuild/src.macosx-10.9-universal2-3.9/numpy/core/include/numpy
      -Inumpy/core/src/common -Inumpy/core/src -Inumpy/core -Inumpy/core/src/npymath -Inumpy/core/src/multiarray -Inumpy/core/src/umath -Inumpy/core/src/npysort
      -I/Users/bytedance/.cache/uv/builds-v0/.tmp8KdQfa/include -I/Library/Developer/CommandLineTools/Library/Frameworks/Python3.framework/Versions/3.9/include/python3.9
      -Ibuild/src.macosx-10.9-universal2-3.9/numpy/core/src/common -Ibuild/src.macosx-10.9-universal2-3.9/numpy/core/src/npymath -c'
      extra options: '-faltivec -I/System/Library/Frameworks/vecLib.framework/Headers'
      clang: numpy/core/src/multiarray/alloc.c
      clang: numpy/core/src/multiarray/array_assign_scalar.c
      clang: numpy/core/src/multiarray/common.c
      clang: numpy/core/src/multiarray/buffer.c
      clang: numpy/core/src/multiarray/datetime_strings.c
      clang: numpy/core/src/multiarray/conversion_utils.c
      clang: numpy/core/src/multiarray/descriptor.c
      clang: build/src.macosx-10.9-universal2-3.9/numpy/core/src/multiarray/einsum.c
      clang: numpy/core/src/multiarray/hashdescr.c
      clang: build/src.macosx-10.9-universal2-3.9/numpy/core/src/multiarray/lowlevel_strided_loops.c
      clang: numpy/core/src/multiarray/multiarraymodule.c
      clang: numpy/core/src/multiarray/nditer_constr.c
      clang: numpy/core/src/multiarray/refcount.c
      clang: numpy/core/src/multiarray/scalarapi.c
      clang: numpy/core/src/multiarray/temp_elide.c
      clang: numpy/core/src/multiarray/vdot.c
      clang: build/src.macosx-10.9-universal2-3.9/numpy/core/src/umath/loops.c
      clang: numpy/core/src/umath/ufunc_object.c
      clang: numpy/core/src/common/ucsnarrow.c
      clang: numpy/core/src/common/array_assign.c
      clang: numpy/core/src/umath/ufunc_type_resolution.c
      clang: build/src.macosx-10.9-universal2-3.9/numpy/core/src/common/npy_cpu_features.c
      clang: /Users/bytedance/.cache/uv/sdists-v9/pypi/numpy/1.19.3/HMwBYLqpTMWI3QGezup_L/src/numpy/_build_utils/src/apple_sgemv_fix.c
      clang: build/src.macosx-10.9-universal2-3.9/numpy/core/src/npymath/ieee754.c

      [stderr]
      Running from numpy source directory.
      /Library/Developer/CommandLineTools/Library/Frameworks/Python3.framework/Versions/3.9/lib/python3.9/distutils/dist.py:274: UserWarning: Unknown distribution option:
      'define_macros'
        warnings.warn(msg)
      clang: error: the clang compiler does not support 'faltivec', please use -maltivec and include altivec.h explicitly
      clangclang: : error: the clang compiler does not support 'faltivec', please use -maltivec and include altivec.h explicitly
      clang: error: the clang compiler does not support 'faltivec', please use -maltivec and include altivec.h explicitly
      error: the clang compiler does not support 'faltivec', please use -maltivec and include altivec.h explicitly
      clangclang: : error: error: the clang compiler does not support 'faltivec', please use -maltivec and include altivec.h explicitlyclang: the clang compiler does not
      support 'faltivec', please use -maltivec and include altivec.h explicitlyerror: clangthe clang compiler does not support 'faltivec', please use -maltivec and include
      altivec.h explicitly:
      error: the clang compiler does not support 'faltivec', please use -maltivec and include altivec.h explicitly


      clang: error: the clang compiler does not support 'faltivec', please use -maltivec and include altivec.h explicitly
      clang: error: the clang compiler does not support 'faltivec', please use -maltivec and include altivec.h explicitly
      clang: error: the clang compiler does not support 'faltivec', please use -maltivec and include altivec.h explicitly
      clang: error: the clang compiler does not support 'faltivec', please use -maltivec and include altivec.h explicitly
      clang: error: the clang compiler does not support 'faltivec', please use -maltivec and include altivec.h explicitly
      clang: error: the clang compiler does not support 'faltivec', please use -maltivec and include altivec.h explicitly
      clang: error: the clang compiler does not support 'faltivec', please use -maltivec and include altivec.h explicitly
      clang: error: the clang compiler does not support 'faltivec', please use -maltivec and include altivec.h explicitly
      clang: error: the clang compiler does not support 'faltivec', please use -maltivec and include altivec.h explicitly
      clang: error: clangthe clang compiler does not support 'faltivec', please use -maltivec and include altivec.h explicitly
      : error: the clang compiler does not support 'faltivec', please use -maltivec and include altivec.h explicitly
      clang: error: the clang compiler does not support 'faltivec', please use -maltivec and include altivec.h explicitly
      clang: error: the clang compiler does not support 'faltivec', please use -maltivec and include altivec.h explicitly
      clang: error: the clang compiler does not support 'faltivec', please use -maltivec and include altivec.h explicitly
      clang: error: the clang compiler does not support 'faltivec', please use -maltivec and include altivec.h explicitly
      clang: error: the clang compiler does not support 'faltivec', please use -maltivec and include altivec.h explicitly
      clang: error: the clang compiler does not support 'faltivec', please use -maltivec and include altivec.h explicitly
      clang: error: the clang compiler does not support 'faltivec', please use -maltivec and include altivec.h explicitly
      clang: error: the clang compiler does not support 'faltivec', please use -maltivec and include altivec.h explicitly
      clang: error: the clang compiler does not support 'faltivec', please use -maltivec and include altivec.h explicitly
      clang: error: the clang compiler does not support 'faltivec', please use -maltivec and include altivec.h explicitly
      clang: error: the clang compiler does not support 'faltivec', please use -maltivec and include altivec.h explicitly
      clang: error: the clang compiler does not support 'faltivec', please use -maltivec and include altivec.h explicitly
      clang: error: the clang compiler does not support 'faltivec', please use -maltivec and include altivec.h explicitly
      clangclang: : clangerror: error: the clang compiler does not support 'faltivec', please use -maltivec and include altivec.h explicitlythe clang compiler does not
      support 'faltivec', please use -maltivec and include altivec.h explicitly

      : error: the clang compiler does not support 'faltivec', please use -maltivec and include altivec.h explicitly
      clang: error: the clang compiler does not support 'faltivec', please use -maltivec and include altivec.h explicitly
      clang: error: the clang compiler does not support 'faltivec', please use -maltivec and include altivec.h explicitly
      clang: error: the clang compiler does not support 'faltivec', please use -maltivec and include altivec.h explicitly
      clangclang: : error: error: the clang compiler does not support 'faltivec', please use -maltivec and include altivec.h explicitlythe clang compiler does not support
      'faltivec', please use -maltivec and include altivec.h explicitly

      clang: error: the clang compiler does not support 'faltivec', please use -maltivec and include altivec.h explicitly
      clang: error: the clang compiler does not support 'faltivec', please use -maltivec and include altivec.h explicitly
      clang: error: the clang compiler does not support 'faltivec', please use -maltivec and include altivec.h explicitly
      clang: error: the clang compiler does not support 'faltivec', please use -maltivec and include altivec.h explicitly
      clang: error: the clang compiler does not support 'faltivec', please use -maltivec and include altivec.h explicitly
      clang: error: the clang compiler does not support 'faltivec', please use -maltivec and include altivec.h explicitly
      clang: error: the clang compiler does not support 'faltivec', please use -maltivec and include altivec.h explicitly
      clang: error: the clang compiler does not support 'faltivec', please use -maltivec and include altivec.h explicitly
      error: Command "clang -Wno-unused-result -Wsign-compare -Wunreachable-code -fno-common -dynamic
      -DNDEBUG -g -fwrapv -O3 -Wall -iwithsysroot/System/Library/Frameworks/System.framework/PrivateHeaders
      -iwithsysroot/Applications/Xcode.app/Contents/Developer/Library/Frameworks/Python3.framework/Versions/3.9/Headers -arch arm64 -arch x86_64
      -Werror=implicit-function-declaration -Wno-error=unreachable-code -Wno-error=unused-but-set-variable -Wno-error=cast-function-type-mismatch
      -Wno-unknown-warning-option -DNPY_INTERNAL_BUILD=1 -DHAVE_NPY_CONFIG_H=1 -D_FILE_OFFSET_BITS=64 -D_LARGEFILE_SOURCE=1 -D_LARGEFILE64_SOURCE=1
      -DNO_ATLAS_INFO=3 -DHAVE_CBLAS -Ibuild/src.macosx-10.9-universal2-3.9/numpy/core/src/umath -Ibuild/src.macosx-10.9-universal2-3.9/numpy/core/src/npymath
      -Ibuild/src.macosx-10.9-universal2-3.9/numpy/core/src/common -Inumpy/core/include -Ibuild/src.macosx-10.9-universal2-3.9/numpy/core/include/numpy
      -Inumpy/core/src/common -Inumpy/core/src -Inumpy/core -Inumpy/core/src/npymath -Inumpy/core/src/multiarray -Inumpy/core/src/umath -Inumpy/core/src/npysort
      -I/Users/bytedance/.cache/uv/builds-v0/.tmp8KdQfa/include -I/Library/Developer/CommandLineTools/Library/Frameworks/Python3.framework/Versions/3.9/include/python3.9
      -Ibuild/src.macosx-10.9-universal2-3.9/numpy/core/src/common -Ibuild/src.macosx-10.9-universal2-3.9/numpy/core/src/npymath -c numpy/core/src/multiarray/buffer.c -o
      build/temp.macosx-10.9-universal2-3.9/numpy/core/src/multiarray/buffer.o -MMD -MF build/temp.macosx-10.9-universal2-3.9/numpy/core/src/multiarray/buffer.o.d -faltivec
      -I/System/Library/Frameworks/vecLib.framework/Headers" failed with exit status 1

      hint: This usually indicates a problem with the package or the build environment.
  help: If you want to add the package regardless of the failed resolution, provide the `--frozen` flag to skip locking and syncing.
